<?xml version="1.0" encoding="UTF-8"?>
<testsuite xmlns:xsi="http://www.w3.org/2001/XMLSchema-instance" xsi:noNamespaceSchemaLocation="https://maven.apache.org/surefire/maven-surefire-plugin/xsd/surefire-test-report.xsd" version="3.0.2" name="com.test.FootballNice.controllers.EquipeControllerTest" time="1.014" tests="3" errors="0" skipped="0" failures="0">
  <properties>
[...]
</properties>
  <testcase name="testCreateEquipe" classname="com.test.FootballNice.controllers.EquipeControllerTest" time="0.972">
    <system-out><![CDATA[15:38:40.577 [main] INFO com.test.FootballNice.controllers.EquipeController -- Creating new equipe with details: com.test.FootballNice.dtos.EquipeDto@5486887b
]]></system-out>
    <system-err><![CDATA[Mockito is currently self-attaching to enable the inline-mock-maker. This will no longer work in future releases of the JDK. Please add Mockito as an agent to your build what is described in Mockito's documentation: https://javadoc.io/doc/org.mockito/mockito-core/latest/org/mockito/Mockito.html#0.3
WARNING: A Java agent has been loaded dynamically (C:\Users\werta\.m2\repository\net\bytebuddy\byte-buddy-agent\1.15.11\byte-buddy-agent-1.15.11.jar)
WARNING: If a serviceability tool is in use, please run with -XX:+EnableDynamicAgentLoading to hide this warning
WARNING: If a serviceability tool is not in use, please run with -Djdk.instrument.traceUsage for more information
WARNING: Dynamic loading of agents will be disallowed by default in a future release
]]></system-err>
  </testcase>
  <testcase name="testGetEquipeById" classname="com.test.FootballNice.controllers.EquipeControllerTest" time="0.006">
    <system-out><![CDATA[15:38:40.635 [main] INFO com.test.FootballNice.controllers.EquipeController -- Fetching equipe with id: 1
]]></system-out>
  </testcase>
  <testcase name="testGetAllEquipes" classname="com.test.FootballNice.controllers.EquipeControllerTest" time="0.014">
    <system-out><![CDATA[15:38:40.649 [main] INFO com.test.FootballNice.controllers.EquipeController -- Fetching all equipes with page: 0, size: 10, sort: name
]]></system-out>
  </testcase>
</testsuite>